<?xml version="1.0" encoding="UTF-8"?>
<testng-results ignored="0" total="1" passed="1" failed="0" skipped="0">
  <reporter-output>
  </reporter-output>
  <suite started-at="2024-01-24T13:43:05 IST" name="Default suite" finished-at="2024-01-24T13:43:05 IST" duration-ms="85">
    <groups>
    </groups>
    <test started-at="2024-01-24T13:43:05 IST" name="Default test" finished-at="2024-01-24T13:43:05 IST" duration-ms="85">
      <class name="naveen.javabaics.AppTest">
        <test-method signature="swap()[pri:0, instance:naveen.javabaics.AppTest@2e3967ea]" started-at="2024-01-24T13:43:05 IST" name="swap" finished-at="2024-01-24T13:43:05 IST" duration-ms="16" status="PASS">
          <reporter-output>
          </reporter-output>
        </test-method> <!-- swap -->
      </class> <!-- naveen.javabaics.AppTest -->
    </test> <!-- Default test -->
  </suite> <!-- Default suite -->
</testng-results>
